2019-01-05 19:11:02.0423 INFO {"request":{"requestType":"QR_ORDER","merchantContactNO":"1200120012","posId":"BIOFD1212","channelId":"POS","amount":"10.00","currency":"INR","merchantGuid":"c1cbea4d-4f4b-41d9-affc-ac3fc50a65b3","orderId":"BIOFDORDER719800308","orderDetails":"Order","validity":"1","industryType":"RETAIL"},"platformName":"PayTM","ipAddress":"192.168.1.1","operationType":"QR_CODE"}
2019-01-05 19:11:02.9508 INFO {"requestGuid":null,"orderId":null,"status":"SUCCESS","statusCode":"QR_0001","statusMessage":"SUCCESS","response":{"path":"iVBORw0KGgoAAAANSUhEUgAAAeAAAAHgAQAAAABVr4M4AAABZElEQVR42u3dQY6DMAwAQHPaZ/Sp5al9BidYbbVAAkbbqrf15BSlmR4tEzsQywcj4CJ4jNO4/fwyR3zt+6bzrgGGYbg2Hrp4Oj3xuvqIuO+rzRhhGIbhLbIOHU5Wt9gMwzAMJ9sOQRaGYRh+K/TeYBiG4WucPPbHemg6XgZkGIbh0jgrOY0XJwAv1atgGIYL4HyMbe3+3V4pGIbhAnhNUZvSfHTTOJ8L/G6AYRgujJ9toZH2OK3Tef/3bbomrjAMw2Vxlq12R6lzl8NO+WM/DMNwLXwlmhx2Pl5fenRZLwzDcEXchdNt3M93lprY3MdtGIbhsviVktPjcIt+gWEYroyv2p2aZtFsCsMwXB5nrfZLWme6n88MYBiGK+P8kvzl6q0LvTAMw3DyervYu0mjXR1gGIbhc5Cdk4tKh+I+DMNwdXx67E+aRWMPvQsMwzD81ytGmi98jK8W7GEYhv89/mDANfA3UY7Sntk/5fEAAAAASUVORK5CYII=","encryptedData":"2810050401011PWRIR4CZ9XM","qrData":"2810050401011PWRIR4CZ9XM"}}
2019-01-05 19:11:03.9707 INFO {"version":"1.1","request":{"requestType":"merchantTxnId","txnType":"withdraw","txnId":"BIOFDORDER719800308","merchantGuid":"c1cbea4d-4f4b-41d9-affc-ac3fc50a65b3"},"platformName":"PayTM","ipAddress":null,"operationType":"CHECK_TXN_STATUS"}
2019-01-05 19:11:04.3728 INFO {"type":null,"requestGuid":null,"orderId":null,"status":"FAILURE","statusCode":"GE_1009","statusMessage":"Invalid transaction id.","response":null,"metadata":null}
2019-01-05 19:11:04.4029 INFO Error in getting Transaction status - Invalid transaction id.
2019-01-05 19:11:14.4358 INFO {"version":"1.1","request":{"requestType":"merchantTxnId","txnType":"withdraw","txnId":"BIOFDORDER719800308","merchantGuid":"c1cbea4d-4f4b-41d9-affc-ac3fc50a65b3"},"platformName":"PayTM","ipAddress":null,"operationType":"CHECK_TXN_STATUS"}
2019-01-05 19:11:14.6403 INFO {"type":null,"requestGuid":null,"orderId":null,"status":"FAILURE","statusCode":"GE_1009","statusMessage":"Invalid transaction id.","response":null,"metadata":null}
2019-01-05 19:11:14.6870 INFO Error in getting Transaction status - Invalid transaction id.
2019-01-05 19:11:24.7838 INFO {"version":"1.1","request":{"requestType":"merchantTxnId","txnType":"withdraw","txnId":"BIOFDORDER719800308","merchantGuid":"c1cbea4d-4f4b-41d9-affc-ac3fc50a65b3"},"platformName":"PayTM","ipAddress":null,"operationType":"CHECK_TXN_STATUS"}
2019-01-05 19:11:25.0046 INFO {"type":null,"requestGuid":null,"orderId":null,"status":"FAILURE","statusCode":"GE_1009","statusMessage":"Invalid transaction id.","response":null,"metadata":null}
2019-01-05 19:11:25.0318 INFO Error in getting Transaction status - Invalid transaction id.
2019-01-05 19:11:35.0845 INFO {"version":"1.1","request":{"requestType":"merchantTxnId","txnType":"withdraw","txnId":"BIOFDORDER719800308","merchantGuid":"c1cbea4d-4f4b-41d9-affc-ac3fc50a65b3"},"platformName":"PayTM","ipAddress":null,"operationType":"CHECK_TXN_STATUS"}
2019-01-05 19:11:35.2738 INFO {"type":null,"requestGuid":null,"orderId":null,"status":"FAILURE","statusCode":"GE_1009","statusMessage":"Invalid transaction id.","response":null,"metadata":null}
2019-01-05 19:11:35.2738 INFO Error in getting Transaction status - Invalid transaction id.
2019-01-05 19:11:45.2937 INFO {"version":"1.1","request":{"requestType":"merchantTxnId","txnType":"withdraw","txnId":"BIOFDORDER719800308","merchantGuid":"c1cbea4d-4f4b-41d9-affc-ac3fc50a65b3"},"platformName":"PayTM","ipAddress":null,"operationType":"CHECK_TXN_STATUS"}
2019-01-05 19:11:45.4557 INFO {"type":null,"requestGuid":null,"orderId":null,"status":"FAILURE","statusCode":"GE_1009","statusMessage":"Invalid transaction id.","response":null,"metadata":null}
2019-01-05 19:11:45.4747 INFO Error in getting Transaction status - Invalid transaction id.
2019-01-05 19:11:55.5022 INFO {"version":"1.1","request":{"requestType":"merchantTxnId","txnType":"withdraw","txnId":"BIOFDORDER719800308","merchantGuid":"c1cbea4d-4f4b-41d9-affc-ac3fc50a65b3"},"platformName":"PayTM","ipAddress":null,"operationType":"CHECK_TXN_STATUS"}
2019-01-05 19:11:55.6976 INFO {"type":null,"requestGuid":null,"orderId":null,"status":"FAILURE","statusCode":"GE_1009","statusMessage":"Invalid transaction id.","response":null,"metadata":null}
2019-01-05 19:11:55.7137 INFO Error in getting Transaction status - Invalid transaction id.
2019-01-05 19:12:05.7393 INFO {"version":"1.1","request":{"requestType":"merchantTxnId","txnType":"withdraw","txnId":"BIOFDORDER719800308","merchantGuid":"c1cbea4d-4f4b-41d9-affc-ac3fc50a65b3"},"platformName":"PayTM","ipAddress":null,"operationType":"CHECK_TXN_STATUS"}
2019-01-05 19:12:05.9169 INFO {"type":null,"requestGuid":null,"orderId":null,"status":"FAILURE","statusCode":"GE_1009","statusMessage":"Invalid transaction id.","response":null,"metadata":null}
2019-01-05 19:12:05.9169 INFO Error in getting Transaction status - Invalid transaction id.
2019-01-05 19:12:15.9356 INFO {"version":"1.1","request":{"requestType":"merchantTxnId","txnType":"withdraw","txnId":"BIOFDORDER719800308","merchantGuid":"c1cbea4d-4f4b-41d9-affc-ac3fc50a65b3"},"platformName":"PayTM","ipAddress":null,"operationType":"CHECK_TXN_STATUS"}
2019-01-05 19:12:16.1297 INFO {"type":null,"requestGuid":null,"orderId":null,"status":"FAILURE","statusCode":"GE_1009","statusMessage":"Invalid transaction id.","response":null,"metadata":null}
2019-01-05 19:12:16.1616 INFO Error in getting Transaction status - Invalid transaction id.
2019-01-05 19:12:26.1933 INFO {"version":"1.1","request":{"requestType":"merchantTxnId","txnType":"withdraw","txnId":"BIOFDORDER719800308","merchantGuid":"c1cbea4d-4f4b-41d9-affc-ac3fc50a65b3"},"platformName":"PayTM","ipAddress":null,"operationType":"CHECK_TXN_STATUS"}
2019-01-05 19:12:26.3898 INFO {"type":null,"requestGuid":null,"orderId":null,"status":"FAILURE","statusCode":"GE_1009","statusMessage":"Invalid transaction id.","response":null,"metadata":null}
2019-01-05 19:12:26.3966 INFO Error in getting Transaction status - Invalid transaction id.
2019-01-05 19:12:36.4050 INFO {"version":"1.1","request":{"requestType":"merchantTxnId","txnType":"withdraw","txnId":"BIOFDORDER719800308","merchantGuid":"c1cbea4d-4f4b-41d9-affc-ac3fc50a65b3"},"platformName":"PayTM","ipAddress":null,"operationType":"CHECK_TXN_STATUS"}
2019-01-05 19:12:36.5691 INFO {"type":null,"requestGuid":null,"orderId":null,"status":"FAILURE","statusCode":"GE_1009","statusMessage":"Invalid transaction id.","response":null,"metadata":null}
2019-01-05 19:12:36.5880 INFO Error in getting Transaction status - Invalid transaction id.
2019-01-05 19:12:46.6329 INFO {"version":"1.1","request":{"requestType":"merchantTxnId","txnType":"withdraw","txnId":"BIOFDORDER719800308","merchantGuid":"c1cbea4d-4f4b-41d9-affc-ac3fc50a65b3"},"platformName":"PayTM","ipAddress":null,"operationType":"CHECK_TXN_STATUS"}
2019-01-05 19:12:46.8112 INFO {"type":null,"requestGuid":null,"orderId":null,"status":"FAILURE","statusCode":"GE_1009","statusMessage":"Invalid transaction id.","response":null,"metadata":null}
2019-01-05 19:12:46.8303 INFO Error in getting Transaction status - Invalid transaction id.
2019-01-05 19:12:56.8556 INFO {"version":"1.1","request":{"requestType":"merchantTxnId","txnType":"withdraw","txnId":"BIOFDORDER719800308","merchantGuid":"c1cbea4d-4f4b-41d9-affc-ac3fc50a65b3"},"platformName":"PayTM","ipAddress":null,"operationType":"CHECK_TXN_STATUS"}
2019-01-05 19:12:57.0154 INFO {"type":null,"requestGuid":null,"orderId":null,"status":"FAILURE","statusCode":"GE_1009","statusMessage":"Invalid transaction id.","response":null,"metadata":null}
2019-01-05 19:12:57.0323 INFO Error in getting Transaction status - Invalid transaction id.
2019-01-05 19:13:43.2478 ERROR No Transaction found
2019-01-05 19:15:28.3839 INFO {"request":{"requestType":"QR_ORDER","merchantContactNO":"1200120012","posId":"BIOFD1212","channelId":"POS","amount":"10.00","currency":"INR","merchantGuid":"c1cbea4d-4f4b-41d9-affc-ac3fc50a65b3","orderId":"BIOFDORDER812286266","orderDetails":"Order","validity":"1","industryType":"RETAIL"},"platformName":"PayTM","ipAddress":"192.168.1.1","operationType":"QR_CODE"}
2019-01-05 19:15:29.0260 INFO {"requestGuid":null,"orderId":null,"status":"SUCCESS","statusCode":"QR_0001","statusMessage":"SUCCESS","response":{"path":"iVBORw0KGgoAAAANSUhEUgAAAeAAAAHgAQAAAABVr4M4AAABcUlEQVR42u3cQXqCMBAGULLiGB4VjsoxXBlti4SEaGldzssK0cdyPjP/hCF/sAY4CJ6Hw7qU75evzynn6/FXCYZhODZOVT29Fty//FkzDMMwvFXW9PzZ85GP0jsVPJfaDMMwDHdwzrfqPywMwzB8Dh+2/TAMw3CLO9v+R+kdu82AMz0DGIbhALgXOc1NB+BPeRUMw3AA3F/fjxz/OSsFwzAcAFdb+aqyrvV26vZPYRiGw+O6JzquKf1u239r7y7VsCgMw3BEnOsbzV7/7SUMw3Bg3ITwW0q/ralJn3JVt2EYhsPi1B5JGtb5+t24066VejjmCcMwHBG/ipxSmz4tpX+6Ph2GYTgwfjPulCtxaR6ZYBiGY+PeqP3cBPaHyGkqgT0Mw3BY3HnFyDYs2p+6h2EYhl8dkt+dThpLEPV76YVhGA6LdzF+e3xpOPFuPBiG4Ri4s+0f2leMHGN8GIbh0LgfOdWX3Q4ADMNwYPzBgmPgOy0E9RkIAdIaAAAAAElFTkSuQmCC","encryptedData":"2810050401011JXMBWBVUNJU","qrData":"2810050401011JXMBWBVUNJU"}}
2019-01-05 19:15:29.7144 INFO {"version":"1.1","request":{"requestType":"merchantTxnId","txnType":"withdraw","txnId":"BIOFDORDER812286266","merchantGuid":"c1cbea4d-4f4b-41d9-affc-ac3fc50a65b3"},"platformName":"PayTM","ipAddress":null,"operationType":"CHECK_TXN_STATUS"}
2019-01-05 19:15:29.9512 INFO {"type":null,"requestGuid":null,"orderId":null,"status":"FAILURE","statusCode":"GE_1009","statusMessage":"Invalid transaction id.","response":null,"metadata":null}
2019-01-05 19:15:29.9882 INFO Error in getting Transaction status - Invalid transaction id.
2019-01-05 19:15:40.0328 INFO {"version":"1.1","request":{"requestType":"merchantTxnId","txnType":"withdraw","txnId":"BIOFDORDER812286266","merchantGuid":"c1cbea4d-4f4b-41d9-affc-ac3fc50a65b3"},"platformName":"PayTM","ipAddress":null,"operationType":"CHECK_TXN_STATUS"}
2019-01-05 19:15:40.1997 INFO {"type":null,"requestGuid":null,"orderId":null,"status":"FAILURE","statusCode":"GE_1009","statusMessage":"Invalid transaction id.","response":null,"metadata":null}
2019-01-05 19:15:40.2199 INFO Error in getting Transaction status - Invalid transaction id.
2019-01-05 19:15:50.2472 INFO {"version":"1.1","request":{"requestType":"merchantTxnId","txnType":"withdraw","txnId":"BIOFDORDER812286266","merchantGuid":"c1cbea4d-4f4b-41d9-affc-ac3fc50a65b3"},"platformName":"PayTM","ipAddress":null,"operationType":"CHECK_TXN_STATUS"}
2019-01-05 19:15:50.3926 INFO {"type":null,"requestGuid":null,"orderId":null,"status":"FAILURE","statusCode":"GE_1009","statusMessage":"Invalid transaction id.","response":null,"metadata":null}
2019-01-05 19:15:50.4069 INFO Error in getting Transaction status - Invalid transaction id.
2019-01-05 19:16:00.4274 INFO {"version":"1.1","request":{"requestType":"merchantTxnId","txnType":"withdraw","txnId":"BIOFDORDER812286266","merchantGuid":"c1cbea4d-4f4b-41d9-affc-ac3fc50a65b3"},"platformName":"PayTM","ipAddress":null,"operationType":"CHECK_TXN_STATUS"}
2019-01-05 19:16:00.6007 INFO {"type":null,"requestGuid":null,"orderId":null,"status":"SUCCESS","statusCode":"SS_001","statusMessage":"SUCCESS","response":{"txnList":[{"txnGuid":"1443486","txnAmount":10.0,"status":1,"message":"SUCCESS","txnErrorCode":"","ssoId":"11065108","txnType":"PAYER_TO_MERCHANT_TRANSFER","merchantOrderId":"BIOFDORDER812286266","pgTxnId":"null","pgRefundId":"null","cashbackTxnId":null,"isLimitPending":false,"posId":"BIOFD1212","timestamp":1546695947000}]},"metadata":null}
2019-01-05 19:16:09.1664 INFO {"channel":"WEB","version":"1.0","request":{"txnGuid":"1443486","amount":"10","refundRefId":"RF-d53a0acd-94d5-4505-9e79-3a5d711adcc3","currencyCode":"INR","merchantGuid":"c1cbea4d-4f4b-41d9-affc-ac3fc50a65b3","merchantOrderId":"BIOFDORDER812286266"},"platformName":"PayTM","ipAddress":"192.168.1.1","operationType":"REFUND_MONEY"}
2019-01-05 19:16:11.3320 INFO {"type":null,"requestGuid":null,"orderId":"BIOFDORDER812286266","status":"SUCCESS","statusCode":"SUCCESS","statusMessage":"SUCCESS","response":{"refundTxnGuid":"1443487","refundTxnStatus":"SUCCESS"},"metadata":null}
2019-01-05 19:16:41.5212 ERROR code = Busy (5), message = System.Data.SQLite.SQLiteException (0x800007AF): database is locked
database is locked
   at System.Data.SQLite.SQLite3.Step(SQLiteStatement stmt)
   at System.Data.SQLite.SQLiteDataReader.NextResult()
   at System.Data.SQLite.SQLiteDataReader..ctor(SQLiteCommand cmd, CommandBehavior behave)
   at System.Data.SQLite.SQLiteCommand.ExecuteReader(CommandBehavior behavior)
   at System.Data.SQLite.SQLiteCommand.ExecuteNonQuery(CommandBehavior behavior)
   at System.Data.SQLite.SQLiteCommand.ExecuteNonQuery()
   at WalletIntegration.Database.ExecuteQuery(String query) in D:\Projects\Freelance\Joofr\KangConsole\WalletIntegration\WalletIntegration\Database.cs:line 22
2019-01-05 20:28:40.4933 INFO {"request":{"requestType":"QR_ORDER","merchantContactNO":"1200120012","posId":"BIOFD1212","channelId":"POS","amount":"10.00","currency":"INR","merchantGuid":"c1cbea4d-4f4b-41d9-affc-ac3fc50a65b3","orderId":"BIOFDORDER652245604","orderDetails":"Order","validity":"1","industryType":"RETAIL"},"platformName":"PayTM","ipAddress":"192.168.1.1","operationType":"QR_CODE"}
2019-01-05 20:28:41.2910 INFO {"requestGuid":null,"orderId":null,"status":"SUCCESS","statusCode":"QR_0001","statusMessage":"SUCCESS","response":{"path":"iVBORw0KGgoAAAANSUhEUgAAAeAAAAHgAQAAAABVr4M4AAABYElEQVR42u3cO5LCMAwAUKfiGBw1HJVjpMLL7hD8JQtDqecqhDyXGiuSkvIXK8FB8CUN61z+v/7+XnLexqcWGIbh2Hhp4un2h/e7d7yWu9W6wDAMw8/IuhTcRuHhLgzDMDzBOd/qIyoMwzD8Zuhd+rQfhmEY7vEk7b+vU4/ffmcAwzAcAM9KTpcuCn9Ur4JhGA6A56vacv24VwqGYTgAro6oe2k+NVX6yXuBxwMwDMOhcZX23ya5frN78wAMw3B0vB2m/UPnU4JhGA6P93g7D73pEW9TaYIqh1wYhuHQeEjwq3anXA6u7avUquQEwzAcFs9LTqfm8jpM0cMwDAfGB+1O1ZD8sCUMw3B4PGu1b8Y8q86nLu2HYRiOjY+G5Nd6y+YShmEYng3Jz782kl+1O8EwDMNdkO3Gl87/fd0JhmE4Bh7S/r4Bvw29GYZhGH5RchqGP8euexiG4cD4iwXHwD8YX4HKSrUqdwAAAABJRU5ErkJggg==","encryptedData":"281005040101TBX65A3JJLJL","qrData":"281005040101TBX65A3JJLJL"}}
2019-01-05 20:28:41.8523 INFO {"version":"1.1","request":{"requestType":"merchantTxnId","txnType":"withdraw","txnId":"BIOFDORDER652245604","merchantGuid":"c1cbea4d-4f4b-41d9-affc-ac3fc50a65b3"},"platformName":"PayTM","ipAddress":null,"operationType":"CHECK_TXN_STATUS"}
2019-01-05 20:28:43.1200 INFO {"type":null,"requestGuid":null,"orderId":null,"status":"FAILURE","statusCode":"GE_1009","statusMessage":"Invalid transaction id.","response":null,"metadata":null}
2019-01-05 20:28:43.1725 INFO Error in getting Transaction status - Invalid transaction id.
2019-01-05 20:28:53.1973 INFO {"version":"1.1","request":{"requestType":"merchantTxnId","txnType":"withdraw","txnId":"BIOFDORDER652245604","merchantGuid":"c1cbea4d-4f4b-41d9-affc-ac3fc50a65b3"},"platformName":"PayTM","ipAddress":null,"operationType":"CHECK_TXN_STATUS"}
2019-01-05 20:28:53.3672 INFO {"type":null,"requestGuid":null,"orderId":null,"status":"FAILURE","statusCode":"GE_1009","statusMessage":"Invalid transaction id.","response":null,"metadata":null}
2019-01-05 20:28:53.3672 INFO Error in getting Transaction status - Invalid transaction id.
2019-01-05 20:29:03.3849 INFO {"version":"1.1","request":{"requestType":"merchantTxnId","txnType":"withdraw","txnId":"BIOFDORDER652245604","merchantGuid":"c1cbea4d-4f4b-41d9-affc-ac3fc50a65b3"},"platformName":"PayTM","ipAddress":null,"operationType":"CHECK_TXN_STATUS"}
2019-01-05 20:29:03.5241 INFO {"type":null,"requestGuid":null,"orderId":null,"status":"SUCCESS","statusCode":"SS_001","statusMessage":"SUCCESS","response":{"txnList":[{"txnGuid":"1443536","txnAmount":10.0,"status":1,"message":"SUCCESS","txnErrorCode":"","ssoId":"11065108","txnType":"PAYER_TO_MERCHANT_TRANSFER","merchantOrderId":"BIOFDORDER652245604","pgTxnId":"null","pgRefundId":"null","cashbackTxnId":null,"isLimitPending":false,"posId":"BIOFD1212","timestamp":1546700342000}]},"metadata":null}
2019-01-05 20:29:50.1752 INFO {"channel":"WEB","version":"1.0","request":{"txnGuid":"1443536","amount":"10","refundRefId":"RF-dbe568f4-8207-48fb-850d-5aaca399624a","currencyCode":"INR","merchantGuid":"c1cbea4d-4f4b-41d9-affc-ac3fc50a65b3","merchantOrderId":"BIOFDORDER652245604"},"platformName":"PayTM","ipAddress":"192.168.1.1","operationType":"REFUND_MONEY"}
2019-01-05 20:29:51.0141 INFO {"type":null,"requestGuid":null,"orderId":"BIOFDORDER652245604","status":"SUCCESS","statusCode":"SUCCESS","statusMessage":"SUCCESS","response":{"refundTxnGuid":"1443537","refundTxnStatus":"SUCCESS"},"metadata":null}
